#
# There is insufficient memory for the Java Runtime Environment to continue.
# Native memory allocation (mmap) failed to map 132120576 bytes for Failed to commit area from 0x0000000082000000 to 0x0000000089e00000 of length 132120576.
# Possible reasons:
#   The system is out of physical RAM or swap space
#   The process is running with CompressedOops enabled, and the Java Heap may be blocking the growth of the native heap
# Possible solutions:
#   Reduce memory load on the system
#   Increase physical memory or swap space
#   Check if swap backing store is full
#   Decrease Java heap size (-Xmx/-Xms)
#   Decrease number of Java threads
#   Decrease Java thread stack sizes (-Xss)
#   Set larger code cache with -XX:ReservedCodeCacheSize=
#   JVM is running with Unscaled Compressed Oops mode in which the Java heap is
#     placed in the first 4GB address space. The Java Heap base address is the
#     maximum limit for the native heap growth. Please use -XX:HeapBaseMinAddress
#     to set the Java Heap base and to place the Java Heap above 4GB virtual address.
# This output file may be truncated or incomplete.
#
#  Out of Memory Error (./open/src/hotspot/os/windows/os_windows.cpp:3315), pid=21084, tid=21016
#
# JRE version:  (14.0.2+12) (build )
# Java VM: Java HotSpot(TM) 64-Bit Server VM (14.0.2+12-46, mixed mode, sharing, tiered, compressed oops, g1 gc, windows-amd64)
# No core dump will be written. Minidumps are not enabled by default on client versions of Windows
#

---------------  S U M M A R Y ------------

Command Line: -Dfile.encoding=Cp1252 hangMan.Mainfile

Host: Intel(R) Core(TM) i5-6200U CPU @ 2.30GHz, 4 cores, 7G,  Windows 10 , 64 bit Build 19041 (10.0.19041.292)
Time: Tue Sep  8 11:16:35 2020 Västeuropa, sommartid elapsed time: 0 seconds (0d 0h 0m 0s)

---------------  T H R E A D  ---------------

Current thread (0x00000166553d3000):  JavaThread "Unknown thread" [_thread_in_vm, id=21016, stack(0x000000319a800000,0x000000319a900000)]

Stack: [0x000000319a800000,0x000000319a900000]
Native frames: (J=compiled Java code, j=interpreted, Vv=VM code, C=native code)
V  [jvm.dll+0x5f8a9a]
V  [jvm.dll+0x74247a]
V  [jvm.dll+0x743c2f]
V  [jvm.dll+0x744273]
V  [jvm.dll+0x20d288]
V  [jvm.dll+0x5f5dea]
V  [jvm.dll+0x5eac45]
V  [jvm.dll+0x2c7e9c]
V  [jvm.dll+0x2c7cd2]
V  [jvm.dll+0x2cdbbc]
V  [jvm.dll+0x313fe8]
V  [jvm.dll+0x313710]
V  [jvm.dll+0x2a092a]
V  [jvm.dll+0x2a1a79]
V  [jvm.dll+0x71fd48]
V  [jvm.dll+0x321c14]
V  [jvm.dll+0x70112c]
V  [jvm.dll+0x392def]
V  [jvm.dll+0x394e61]
C  [jli.dll+0x524b]
C  [ucrtbase.dll+0x21542]
C  [KERNEL32.DLL+0x16fd4]
C  [ntdll.dll+0x4cec1]


---------------  P R O C E S S  ---------------

Threads class SMR info:
_java_thread_list=0x00007ffccff63038, length=0, elements={
}

Java Threads: ( => current thread )

Other Threads:
  0x000001665541a800 GCTaskThread "GC Thread#0" [stack: 0x000000319a900000,0x000000319aa00000] [id=228]
  0x000001665542b800 ConcurrentGCThread "G1 Main Marker" [stack: 0x000000319aa00000,0x000000319ab00000] [id=8920]
  0x000001665542d800 ConcurrentGCThread "G1 Conc#0" [stack: 0x000000319ab00000,0x000000319ac00000] [id=4100]

[error occurred during error reporting (printing all threads), id 0xc0000005, EXCEPTION_ACCESS_VIOLATION (0xc0000005) at pc=0x00007ffccf791257]

VM state:not at safepoint (not fully initialized)

VM Mutex/Monitor currently owned by a thread:  ([mutex/lock_event])
[0x00000166553cfe10] Heap_lock - owner thread: 0x00000166553d3000

Heap address: 0x0000000082000000, size: 2016 MB, Compressed Oops mode: 32-bit
Narrow klass base: 0x0000000000000000, Narrow klass shift: 0

GC Heap History (0 events):
No events

Deoptimization events (0 events):
No events

Classes unloaded (0 events):
No events

Classes redefined (0 events):
No events

Internal exceptions (0 events):
No events

Events (2 events):
Event: 0.015 Loaded shared library C:\Program Files\Java\jdk-14.0.2\bin\java.dll
Event: 0.016 Loaded shared library C:\Program Files\Java\jdk-14.0.2\bin\zip.dll


Dynamic libraries:
0x00007ff751ac0000 - 0x00007ff751acf000 	C:\Program Files\Java\jdk-14.0.2\bin\javaw.exe
0x00007ffd3bf90000 - 0x00007ffd3c185000 	C:\Windows\SYSTEM32\ntdll.dll
0x00007ffd3bc30000 - 0x00007ffd3bced000 	C:\Windows\System32\KERNEL32.DLL
0x00007ffd39990000 - 0x00007ffd39c57000 	C:\Windows\System32\KERNELBASE.dll
0x00007ffd39cf0000 - 0x00007ffd39df0000 	C:\Windows\System32\ucrtbase.dll
0x00007ffd26ee0000 - 0x00007ffd26ef8000 	C:\Program Files\Java\jdk-14.0.2\bin\jli.dll
0x00007ffd3b820000 - 0x00007ffd3b8ca000 	C:\Windows\System32\ADVAPI32.dll
0x00007ffd3a000000 - 0x00007ffd3a09e000 	C:\Windows\System32\msvcrt.dll
0x00007ffd3a0a0000 - 0x00007ffd3a13b000 	C:\Windows\System32\sechost.dll
0x00007ffd3bcf0000 - 0x00007ffd3be13000 	C:\Windows\System32\RPCRT4.dll
0x00007ffd3a9b0000 - 0x00007ffd3ab50000 	C:\Windows\System32\USER32.dll
0x00007ffd39cc0000 - 0x00007ffd39ce2000 	C:\Windows\System32\win32u.dll
0x00007ffd3ad20000 - 0x00007ffd3ad4a000 	C:\Windows\System32\GDI32.dll
0x00007ffd39780000 - 0x00007ffd3988a000 	C:\Windows\System32\gdi32full.dll
0x00007ffd396e0000 - 0x00007ffd3977d000 	C:\Windows\System32\msvcp_win.dll
0x00007ffd340a0000 - 0x00007ffd340b5000 	C:\Program Files\Java\jdk-14.0.2\bin\VCRUNTIME140.dll
0x00007ffd38ae0000 - 0x00007ffd38d7a000 	C:\Windows\WinSxS\amd64_microsoft.windows.common-controls_6595b64144ccf1df_6.0.19041.1_none_b555e41d4684ddec\COMCTL32.dll
0x00007ffd36310000 - 0x00007ffd3631a000 	C:\Windows\SYSTEM32\VERSION.dll
0x00007ffd3b1e0000 - 0x00007ffd3b210000 	C:\Windows\System32\IMM32.DLL
0x00007ffd09930000 - 0x00007ffd099cb000 	C:\Program Files\Java\jdk-14.0.2\bin\msvcp140.dll
0x00007ffccf4e0000 - 0x00007ffccfffe000 	C:\Program Files\Java\jdk-14.0.2\bin\server\jvm.dll
0x00007ffd3b680000 - 0x00007ffd3b688000 	C:\Windows\System32\PSAPI.DLL
0x00007ffd36a60000 - 0x00007ffd36a69000 	C:\Windows\SYSTEM32\WSOCK32.dll
0x00007ffd3ad70000 - 0x00007ffd3addb000 	C:\Windows\System32\WS2_32.dll
0x00007ffd2e4e0000 - 0x00007ffd2e507000 	C:\Windows\SYSTEM32\WINMM.dll
0x00007ffd379a0000 - 0x00007ffd379b3000 	C:\Windows\SYSTEM32\kernel.appcore.dll
0x00007ffd340c0000 - 0x00007ffd340ca000 	C:\Program Files\Java\jdk-14.0.2\bin\jimage.dll
0x00007ffd38fc0000 - 0x00007ffd391a4000 	C:\Windows\SYSTEM32\DBGHELP.DLL
0x00007ffd38ed0000 - 0x00007ffd38efc000 	C:\Windows\SYSTEM32\dbgcore.DLL
0x00007ffd398e0000 - 0x00007ffd3995f000 	C:\Windows\System32\bcryptPrimitives.dll
0x00007ffd11bd0000 - 0x00007ffd11bf5000 	C:\Program Files\Java\jdk-14.0.2\bin\java.dll
0x00007ffd26f00000 - 0x00007ffd26f16000 	C:\Program Files\Java\jdk-14.0.2\bin\zip.dll

dbghelp: loaded successfully - version: 4.0.5 - missing functions: none
symbol engine: initialized successfully - sym options: 0x614 - pdb path: .;C:\Program Files\Java\jdk-14.0.2\bin;C:\Windows\SYSTEM32;C:\Windows\WinSxS\amd64_microsoft.windows.common-controls_6595b64144ccf1df_6.0.19041.1_none_b555e41d4684ddec;C:\Program Files\Java\jdk-14.0.2\bin\server

VM Arguments:
jvm_args: -Dfile.encoding=Cp1252 
java_command: hangMan.Mainfile
java_class_path (initial): C:\Users\saral\eclipse-workspace\HangMan01\bin
Launcher Type: SUN_STANDARD

[Global flags]
     intx CICompilerCount                          = 3                                         {product} {ergonomic}
     uint ConcGCThreads                            = 1                                         {product} {ergonomic}
     uint G1ConcRefinementThreads                  = 4                                         {product} {ergonomic}
   size_t G1HeapRegionSize                         = 1048576                                   {product} {ergonomic}
    uintx GCDrainStackTargetSize                   = 64                                        {product} {ergonomic}
   size_t InitialHeapSize                          = 132120576                                 {product} {ergonomic}
   size_t MarkStackSize                            = 4194304                                   {product} {ergonomic}
   size_t MaxHeapSize                              = 2113929216                                {product} {ergonomic}
   size_t MinHeapDeltaBytes                        = 1048576                                   {product} {ergonomic}
   size_t MinHeapSize                              = 8388608                                   {product} {ergonomic}
    uintx NonNMethodCodeHeapSize                   = 5832780                                {pd product} {ergonomic}
    uintx NonProfiledCodeHeapSize                  = 122912730                              {pd product} {ergonomic}
    uintx ProfiledCodeHeapSize                     = 122912730                              {pd product} {ergonomic}
    uintx ReservedCodeCacheSize                    = 251658240                              {pd product} {ergonomic}
     bool SegmentedCodeCache                       = true                                      {product} {ergonomic}
   size_t SoftMaxHeapSize                          = 2113929216                             {manageable} {ergonomic}
     bool UseCompressedClassPointers               = true                                 {lp64_product} {ergonomic}
     bool UseCompressedOops                        = true                                 {lp64_product} {ergonomic}
     bool UseG1GC                                  = true                                      {product} {ergonomic}
     bool UseLargePagesIndividualAllocation        = false                                  {pd product} {ergonomic}

Logging:
Log output configuration:
 #0: stdout all=warning uptime,level,tags
 #1: stderr all=off uptime,level,tags

Environment Variables:
PATH=C:/Program Files/Java/jdk-14.0.2/bin/server;C:/Program Files/Java/jdk-14.0.2/bin;C:\Program Files (x86)\Common Files\Oracle\Java\javapath;C:\Windows\system32;C:\Windows;C:\Windows\System32\Wbem;C:\Windows\System32\WindowsPowerShell\v1.0\;C:\Windows\System32\OpenSSH\;C:\Program Files\dotnet\;C:\Users\saral\AppData\Local\Microsoft\WindowsApps;C:\Users\saral\.dotnet\tools;C:\Users\saral\AppData\Local\GitHubDesktop\bin;C:\Windows\system32;
USERNAME=saral
OS=Windows_NT
PROCESSOR_IDENTIFIER=Intel64 Family 6 Model 78 Stepping 3, GenuineIntel



---------------  S Y S T E M  ---------------

OS: Windows 10 , 64 bit Build 19041 (10.0.19041.292)
OS uptime: 9 days 19:50 hours

CPU:total 4 (initial active 4) (2 cores per cpu, 2 threads per core) family 6 model 78 stepping 3, cmov, cx8, fxsr, mmx, sse, sse2, sse3, ssse3, sse4.1, sse4.2, popcnt, avx, avx2, aes, clmul, erms, 3dnowpref, lzcnt, ht, tsc, tscinvbit, bmi1, bmi2, adx, fma

Memory: 4k page, system-wide physical 8059M (1402M free)
TotalPageFile size 23243M (AvailPageFile size 86M)
current process WorkingSet (physical memory assigned to process): 10M, peak: 10M
current process commit charge ("private bytes"): 51M, peak: 177M

vm_info: Java HotSpot(TM) 64-Bit Server VM (14.0.2+12-46) for windows-amd64 JRE (14.0.2+12-46), built on Jul  9 2020 00:35:52 by "mach5one" with MS VC++ 15.9 (VS2017)

END.
